DD Amount should be less than Rs.5,00,000
Added one row to the database
Added one row to the database
Added one row to the database
Added one row to the database1 row added to the database
1 row added to the database
1 row added to the database
Mobile Number must contain only number and should be of length 10
1 row added to the database
1 row added to the database
1 row added to the database
1 row added to the database
1 row added to the database
1 row added to the database
1 row added to the database
1 row added to the database
1 row added to the database
1 row added to the database
Name must contain only valid characters
Name must contain only valid characters
1 row added to the database
1 row added to the database
1 row added to the database
Mobile Number must contain only number and should be of length 10
1 row added to the database
1 row added to the database
1 row added to the database
1 row added to the database
1 row added to the database
1 row added to the database
1 row added to the database
1 row added to the database
1 row added to the database
1 row added to the database
